<?xml version="1.0" encoding="UTF-8"?>
<!-- Generated by org.testng.reporters.JUnitReportReporter -->
<testsuite hostname="DESKTOP-O949GMR" failures="0" tests="1" name="testingframework.Tests.SubmitOrderTest" time="16.530" errors="0" timestamp="2023-12-24T21:10:51 IST" skipped="0">
  <testcase classname="testingframework.Tests.SubmitOrderTest" name="SubmitOrder" time="16.530"/>
</testsuite> <!-- testingframework.Tests.SubmitOrderTest -->
