<?xml version="1.0" encoding="UTF-8"?>
<!-- Generated by org.testng.reporters.JUnitReportReporter -->
<testsuite hostname="DESKTOP-O949GMR" failures="0" tests="2" name="testingframework.Tests.SubmitOrderTest" time="35.608" errors="0" timestamp="2024-01-04T22:10:21 IST" skipped="0">
  <testcase classname="testingframework.Tests.SubmitOrderTest" name="SubmitOrder" time="17.616"/>
  <testcase classname="testingframework.Tests.SubmitOrderTest" name="SubmitOrder" time="17.992"/>
</testsuite> <!-- testingframework.Tests.SubmitOrderTest -->
