<?xml version="1.0" encoding="UTF-8"?>
<!-- Generated by org.testng.reporters.JUnitReportReporter -->
<testsuite hostname="DESKTOP-O949GMR" failures="0" tests="3" name="testingframework.Tests.SubmitOrderTest" time="44.564" errors="0" timestamp="2024-01-06T11:47:50 IST" skipped="0">
  <testcase classname="testingframework.Tests.SubmitOrderTest" name="orderHistoryTest" time="8.442"/>
  <testcase classname="testingframework.Tests.SubmitOrderTest" name="SubmitOrder" time="18.777"/>
  <testcase classname="testingframework.Tests.SubmitOrderTest" name="SubmitOrder" time="17.345"/>
</testsuite> <!-- testingframework.Tests.SubmitOrderTest -->
