<?xml version="1.0" encoding="UTF-8"?>
<!-- Generated by org.testng.reporters.JUnitReportReporter -->
<testsuite hostname="DESKTOP-O949GMR" failures="0" tests="1" name="testingframework.Tests.SubmitOrderTest" time="17.974" errors="0" timestamp="2023-12-23T22:55:47 IST" skipped="0">
  <testcase classname="testingframework.Tests.SubmitOrderTest" name="SubmitOrder" time="17.974"/>
</testsuite> <!-- testingframework.Tests.SubmitOrderTest -->
