<?xml version="1.0" encoding="UTF-8"?>
<!-- Generated by org.testng.reporters.JUnitReportReporter -->
<testsuite hostname="DESKTOP-O949GMR" failures="0" tests="2" name="testingframework.Tests.SubmitOrderTest" time="26.004" errors="0" timestamp="2024-01-01T23:03:59 IST" skipped="0">
  <testcase classname="testingframework.Tests.SubmitOrderTest" name="SubmitOrder" time="17.313"/>
  <testcase classname="testingframework.Tests.SubmitOrderTest" name="orderHistoryTest" time="8.691"/>
</testsuite> <!-- testingframework.Tests.SubmitOrderTest -->
