<?xml version="1.0" encoding="UTF-8"?>
<!-- Generated by org.testng.reporters.JUnitReportReporter -->
<testsuite hostname="DESKTOP-O949GMR" failures="0" tests="1" name="testingframework.Tests.ErrorValidationsTest" time="6.229" errors="0" timestamp="2024-01-02T23:02:03 IST" skipped="0">
  <testcase classname="testingframework.Tests.ErrorValidationsTest" name="LoginErrorValidation" time="6.229"/>
</testsuite> <!-- testingframework.Tests.ErrorValidationsTest -->
