<?xml version="1.0" encoding="UTF-8"?>
<!-- Generated by org.testng.reporters.JUnitReportReporter -->
<testsuite hostname="DESKTOP-O949GMR" failures="0" tests="2" name="testingframework.Tests.SubmitOrderTest" time="38.534" errors="0" timestamp="2024-01-02T23:45:49 IST" skipped="0">
  <testcase classname="testingframework.Tests.SubmitOrderTest" name="SubmitOrder" time="19.315"/>
  <testcase classname="testingframework.Tests.SubmitOrderTest" name="SubmitOrder" time="19.219"/>
</testsuite> <!-- testingframework.Tests.SubmitOrderTest -->
