<?xml version="1.0" encoding="UTF-8"?>
<!-- Generated by org.testng.reporters.JUnitReportReporter -->
<testsuite hostname="DESKTOP-O949GMR" failures="0" tests="2" name="testingframework.Tests.ErrorValidationsTest" time="19.404" errors="0" timestamp="2024-01-06T11:47:50 IST" skipped="0">
  <testcase classname="testingframework.Tests.ErrorValidationsTest" name="LoginErrorValidation" time="5.873"/>
  <testcase classname="testingframework.Tests.ErrorValidationsTest" name="ProductErrorValidation" time="13.531"/>
</testsuite> <!-- testingframework.Tests.ErrorValidationsTest -->
