<?xml version="1.0" encoding="UTF-8"?>
<!-- Generated by org.testng.reporters.JUnitReportReporter -->
<testsuite hostname="DESKTOP-O949GMR" failures="0" tests="3" name="testingframework.Tests.SubmitOrderTest" time="45.947" errors="0" timestamp="2024-01-06T18:35:37 IST" skipped="0">
  <testcase classname="testingframework.Tests.SubmitOrderTest" name="SubmitOrder" time="18.610"/>
  <testcase classname="testingframework.Tests.SubmitOrderTest" name="SubmitOrder" time="17.498"/>
  <testcase classname="testingframework.Tests.SubmitOrderTest" name="orderHistoryTest" time="9.839"/>
</testsuite> <!-- testingframework.Tests.SubmitOrderTest -->
