<?xml version="1.0" encoding="UTF-8"?>
<!-- Generated by org.testng.reporters.JUnitReportReporter -->
<testsuite hostname="DESKTOP-O949GMR" failures="0" tests="1" name="testingframework.Tests.SubmitOrderTest" time="17.490" errors="0" timestamp="2023-12-24T19:22:19 IST" skipped="0">
  <testcase classname="testingframework.Tests.SubmitOrderTest" name="SubmitOrder" time="17.490"/>
</testsuite> <!-- testingframework.Tests.SubmitOrderTest -->
